2017-06-18 20:34:37,667 INFO  [:] [] [] [] [main           ] [i.c.platform.logback.LogbackStartup ] Logback configured with [file:/home/darren/src/cattle/code/framework/logback/target/classes/logback/logback.xml] 
2017-06-18 20:34:37,673 INFO  [:] [] [] [] [main           ] [io.cattle.platform.pool.PoolConfig  ] Setting Pool [cattle] property [password=****] 
2017-06-18 20:34:37,674 INFO  [:] [] [] [] [main           ] [io.cattle.platform.pool.PoolConfig  ] Setting Pool [cattle] property [maxIdle=15] 
2017-06-18 20:34:37,674 INFO  [:] [] [] [] [main           ] [io.cattle.platform.pool.PoolConfig  ] Setting Pool [cattle] property [testWhileIdle=true] 
2017-06-18 20:34:37,674 INFO  [:] [] [] [] [main           ] [io.cattle.platform.pool.PoolConfig  ] Setting Pool [cattle] property [maxWait=1000] 
2017-06-18 20:34:37,674 INFO  [:] [] [] [] [main           ] [io.cattle.platform.pool.PoolConfig  ] Setting Pool [cattle] property [url=jdbc:h2:db-cattle] 
2017-06-18 20:34:37,674 INFO  [:] [] [] [] [main           ] [io.cattle.platform.pool.PoolConfig  ] Setting Pool [cattle] property [testOnBorrow=false] 
2017-06-18 20:34:37,674 INFO  [:] [] [] [] [main           ] [io.cattle.platform.pool.PoolConfig  ] Setting Pool [cattle] property [minEvictableIdleTimeMillis=300000] 
2017-06-18 20:34:37,675 INFO  [:] [] [] [] [main           ] [io.cattle.platform.pool.PoolConfig  ] Setting Pool [cattle] property [timeBetweenEvictionRunsMillis=60000] 
2017-06-18 20:34:37,675 INFO  [:] [] [] [] [main           ] [io.cattle.platform.pool.PoolConfig  ] Setting Pool [cattle] property [maxActive=150] 
2017-06-18 20:34:37,675 INFO  [:] [] [] [] [main           ] [io.cattle.platform.pool.PoolConfig  ] Setting Pool [cattle] property [username=cattle] 
2017-06-18 20:34:37,719 INFO  [:] [] [] [] [main           ] [io.cattle.platform.pool.PoolConfig  ] Setting Pool [liquibase] property [password=****] 
2017-06-18 20:34:37,719 INFO  [:] [] [] [] [main           ] [io.cattle.platform.pool.PoolConfig  ] Setting Pool [liquibase] property [maxIdle=0] 
2017-06-18 20:34:37,719 INFO  [:] [] [] [] [main           ] [io.cattle.platform.pool.PoolConfig  ] Setting Pool [liquibase] property [testWhileIdle=true] 
2017-06-18 20:34:37,720 INFO  [:] [] [] [] [main           ] [io.cattle.platform.pool.PoolConfig  ] Setting Pool [liquibase] property [maxWait=1000] 
2017-06-18 20:34:37,720 INFO  [:] [] [] [] [main           ] [io.cattle.platform.pool.PoolConfig  ] Setting Pool [liquibase] property [url=jdbc:h2:db-cattle] 
2017-06-18 20:34:37,720 INFO  [:] [] [] [] [main           ] [io.cattle.platform.pool.PoolConfig  ] Setting Pool [liquibase] property [testOnBorrow=false] 
2017-06-18 20:34:37,720 INFO  [:] [] [] [] [main           ] [io.cattle.platform.pool.PoolConfig  ] Setting Pool [liquibase] property [minEvictableIdleTimeMillis=300000] 
2017-06-18 20:34:37,720 INFO  [:] [] [] [] [main           ] [io.cattle.platform.pool.PoolConfig  ] Setting Pool [liquibase] property [timeBetweenEvictionRunsMillis=60000] 
2017-06-18 20:34:37,721 INFO  [:] [] [] [] [main           ] [io.cattle.platform.pool.PoolConfig  ] Setting Pool [liquibase] property [maxActive=1] 
2017-06-18 20:34:37,721 INFO  [:] [] [] [] [main           ] [io.cattle.platform.pool.PoolConfig  ] Setting Pool [liquibase] property [username=cattle] 
